1714492250630:recent
1714493198888:help
1714493210666:filter-by-year
1714493263668:help
1714493279859:filter-by-year
1714493636251:report
1714493646323:recent
1714493874281:help
1714493877017:report
1714495607958:help
1714495610371:report
1714495615507:filter-by-year
1714495621207:recent
1714495624159:report
1714495693323:help
1714495696073:filter-by-year
1714495703800:recent
1714496213631:help
1714496216567:recent
1714496224510:filter-by-first-letter
1714496367853:recnt
1714496369867:recent
1714496372190:help
1714496377610:filter-by-first-letter
1714496836480:help
1714496842389:filter-by-views
1714496941896:help
1714496945876:filter-by-views
1714497284416:help
1714497288520:a
1714497299605:Enter the first letter to filter videos
1714498302310:help
1714498308023:filter-by-first-letter
1714498322207:filter-by-first-letter --A
1714498350624:filter-by-first-letter --letter A
1714498361366:filter-by-first-letter --letter B
1714498372455:filter-by-first-letter --letter K
1714498423461:filter-by-first-letter --letter Ж
1714498437462:filter-by-first-letter --letter G
1714498767325:recent
1714498769625:help
1714498774181:filter-by-views
1714498846646:help
1714498857278:filter-by-first-letter --letter A
1714498999816:help
1714499129107:filter-by-views --views 1000000
1714499146396:filter-by-views --views 100000000
1714499164393:filter-by-views --views 1000000000
1714499178759:filter-by-views --views 500000000
1714499376196:help
1714499396763:filter-by-year --year 2023
1714499400483:help
1714499411251:recent --max 2
1714500086152:help
1714500161748:filter-by-views --views 1000000
1714500231465:help
1714500237699:filter-by-year --year 2024
1714500452661:help
1714500460309:filter-by-likes --likes 100000
